\BOOKMARK [0][-]{MUTESCHAPTER.1.0}{\376\377\000S\000u\000m\000\341\000r\000i\000o}{}% 1
\BOOKMARK [0][-]{CHAPTER.1}{\376\377\0001\000\040\000I\000n\000t\000r\000o\000d\000u\000\347\000\343\000o}{}% 2
\BOOKMARK [1][-]{section.1.1}{\376\377\0001\000.\0001\000\040\000H\000i\000s\000t\000o\000r\000i\000a\000\040\000d\000a\000s\000\040\000L\000i\000n\000g\000u\000a\000g\000e\000n\000s\000\040\000d\000e\000\040\000P\000r\000o\000g\000r\000a\000m\000a\000\347\000\343\000o}{CHAPTER.1}% 3
\BOOKMARK [1][-]{section.1.2}{\376\377\0001\000.\0002\000\040\000A\000m\000b\000i\000e\000n\000t\000e\000\040\000e\000\040\000L\000i\000n\000g\000u\000a\000g\000e\000m\000\040\000d\000e\000\040\000P\000r\000o\000g\000r\000a\000m\000a\000\347\000\343\000o}{CHAPTER.1}% 4
\BOOKMARK [1][-]{section.1.3}{\376\377\0001\000.\0003\000\040\000P\000r\000o\000b\000l\000e\000m\000a\000\040\000A\000b\000o\000r\000d\000a\000d\000o}{CHAPTER.1}% 5
\BOOKMARK [0][-]{CHAPTER.2}{\376\377\0002\000\040\000A\000\040\000L\000i\000n\000g\000u\000a\000g\000e\000m\000\040\000C\000+\000+}{}% 6
\BOOKMARK [1][-]{section.2.1}{\376\377\0002\000.\0001\000\040\000A\000l\000g\000u\000m\000a\000s\000\040\000c\000a\000r\000a\000c\000t\000e\000r\000\355\000s\000t\000i\000c\000a\000s\000\040\000d\000o\000\040\000C\000+\000+}{CHAPTER.2}% 7
\BOOKMARK [0][-]{CHAPTER.3}{\376\377\0003\000\040\000T\000o\000w\000e\000r\000\040\000D\000e\000f\000e\000n\000c\000e}{}% 8
\BOOKMARK [1][-]{section.3.1}{\376\377\0003\000.\0001\000\040\000O\000b\000j\000e\000t\000i\000v\000o\000\040\000d\000o\000\040\000j\000o\000g\000o}{CHAPTER.3}% 9
\BOOKMARK [1][-]{section.3.2}{\376\377\0003\000.\0002\000\040\000O\000s\000\040\000i\000n\000i\000m\000i\000g\000o\000s}{CHAPTER.3}% 10
\BOOKMARK [0][-]{CHAPTER.4}{\376\377\0004\000\040\000\040\000I\000m\000p\000l\000e\000m\000e\000n\000t\000a\000\347\000\343\000o\000\040\000O\000r\000i\000e\000n\000t\000a\000d\000a\000\040\000a\000\040\000O\000b\000j\000e\000t\000o\000s}{}% 11
\BOOKMARK [1][-]{section.4.1}{\376\377\0004\000.\0001\000\040\000C\000l\000a\000s\000s\000e\000s}{CHAPTER.4}% 12
\BOOKMARK [2][-]{subsection.4.1.1}{\376\377\0004\000.\0001\000.\0001\000\040\000C\000l\000a\000s\000s\000e\000s\000\040\000A\000b\000s\000t\000r\000a\000t\000a\000s}{section.4.1}% 13
\BOOKMARK [2][-]{subsection.4.1.2}{\376\377\0004\000.\0001\000.\0002\000\040\000H\000e\000r\000a\000n\000\347\000a}{section.4.1}% 14
\BOOKMARK [2][-]{subsection.4.1.3}{\376\377\0004\000.\0001\000.\0003\000\040\000H\000e\000r\000a\000n\000\347\000a\000\040\000U\000n\000i\000c\000a}{section.4.1}% 15
\BOOKMARK [2][-]{subsection.4.1.4}{\376\377\0004\000.\0001\000.\0004\000\040\000H\000e\000r\000a\000n\000\347\000a\000\040\000M\000u\000l\000t\000i\000p\000l\000a}{section.4.1}% 16
\BOOKMARK [1][-]{section.4.2}{\376\377\0004\000.\0002\000\040\000P\000o\000l\000i\000m\000o\000r\000f\000i\000s\000m\000o}{CHAPTER.4}% 17
\BOOKMARK [2][-]{subsection.4.2.1}{\376\377\0004\000.\0002\000.\0001\000\040\000P\000o\000l\000i\000m\000o\000r\000f\000i\000s\000m\000o\000\040\000A\000d\000h\000o\000c}{section.4.2}% 18
\BOOKMARK [2][-]{subsection.4.2.2}{\376\377\0004\000.\0002\000.\0002\000\040\000P\000o\000l\000i\000m\000o\000r\000f\000i\000s\000m\000o\000\040\000U\000n\000i\000v\000e\000r\000s\000a\000l}{section.4.2}% 19
\BOOKMARK [1][-]{section.4.3}{\376\377\0004\000.\0003\000\040\000E\000n\000c\000a\000p\000s\000u\000l\000a\000m\000e\000n\000t\000o}{CHAPTER.4}% 20
\BOOKMARK [1][-]{section.4.4}{\376\377\0004\000.\0004\000\040\000D\000e\000l\000e\000g\000a\000t\000e\000s}{CHAPTER.4}% 21
\BOOKMARK [1][-]{section.4.5}{\376\377\0004\000.\0005\000\040\000A\000n\000\341\000l\000i\000s\000e\000\040\000C\000r\000\355\000t\000i\000c\000a}{CHAPTER.4}% 22
\BOOKMARK [1][-]{section.4.6}{\376\377\0004\000.\0006\000\040\000F\000u\000n\000\347\000\365\000e\000s\000\040\000c\000o\000m\000o\000\040\000e\000l\000e\000m\000e\000n\000t\000o\000s\000\040\000d\000e\000\040\0001\000\252\000\040\000o\000r\000d\000e\000m}{CHAPTER.4}% 23
\BOOKMARK [1][-]{section.4.7}{\376\377\0004\000.\0007\000\040\000F\000u\000n\000\347\000\365\000e\000s\000\040\000d\000e\000\040\000o\000r\000d\000e\000m\000\040\000s\000u\000p\000e\000r\000i\000o\000r}{CHAPTER.4}% 24
\BOOKMARK [0][-]{schapter.2}{\376\377\000R\000e\000f\000e\000r\000\352\000n\000c\000i\000a\000s}{}% 25
